#
# There is insufficient memory for the Java Runtime Environment to continue.
# Native memory allocation (malloc) failed to allocate 1785776 bytes for Chunk::new
# Possible reasons:
#   The system is out of physical RAM or swap space
#   The process is running with CompressedOops enabled, and the Java Heap may be blocking the growth of the native heap
# Possible solutions:
#   Reduce memory load on the system
#   Increase physical memory or swap space
#   Check if swap backing store is full
#   Decrease Java heap size (-Xmx/-Xms)
#   Decrease number of Java threads
#   Decrease Java thread stack sizes (-Xss)
#   Set larger code cache with -XX:ReservedCodeCacheSize=
#   JVM is running with Zero Based Compressed Oops mode in which the Java heap is
#     placed in the first 32GB address space. The Java Heap base address is the
#     maximum limit for the native heap growth. Please use -XX:HeapBaseMinAddress
#     to set the Java Heap base and to place the Java Heap above 32GB virtual address.
# This output file may be truncated or incomplete.
#
#  Out of Memory Error (allocation.cpp:389), pid=7364, tid=0x00000000000061f4
#
# JRE version: Java(TM) SE Runtime Environment (8.0_261-b12) (build 1.8.0_261-b12)
# Java VM: Java HotSpot(TM) 64-Bit Server VM (25.261-b12 mixed mode windows-amd64 compressed oops)
# Failed to write core dump. Minidumps are not enabled by default on client versions of Windows
#

---------------  T H R E A D  ---------------

Current thread (0x000001d57fe12000):  JavaThread "C2 CompilerThread2" daemon [_thread_in_native, id=25076, stack(0x0000005cb4300000,0x0000005cb4400000)]

Stack: [0x0000005cb4300000,0x0000005cb4400000]
Native frames: (J=compiled Java code, j=interpreted, Vv=VM code, C=native code)
V  [jvm.dll+0x33e5f9]
V  [jvm.dll+0x2850e2]
V  [jvm.dll+0x285d8d]
V  [jvm.dll+0x27c895]
V  [jvm.dll+0xe4d6c]
V  [jvm.dll+0xe556c]
V  [jvm.dll+0x47ece3]
V  [jvm.dll+0x446900]
V  [jvm.dll+0x44f8f5]
V  [jvm.dll+0x44ecb5]
V  [jvm.dll+0x439bc7]
V  [jvm.dll+0xbbbcb]
V  [jvm.dll+0xba22b]
V  [jvm.dll+0x24d962]
V  [jvm.dll+0x2a1cfc]
C  [ucrtbase.dll+0x210b2]
C  [KERNEL32.DLL+0x17c24]
C  [ntdll.dll+0x6d4d1]


Current CompileTask:
C2:  30396 5537   !   4       org.springframework.util.ClassUtils::getMostSpecificMethod (72 bytes)


---------------  P R O C E S S  ---------------

Java Threads: ( => current thread )
  0x000001d57fe12800 JavaThread "mysql-cj-abandoned-connection-cleanup" daemon [_thread_blocked, id=25668, stack(0x0000005cb4c00000,0x0000005cb4d00000)]
  0x000001d50d453800 JavaThread "Catalina-utility-1" [_thread_blocked, id=27732, stack(0x0000005cb4900000,0x0000005cb4a00000)]
  0x000001d50b71f000 JavaThread "restartedMain" [_thread_in_vm, id=24996, stack(0x0000005cb4800000,0x0000005cb4900000)]
  0x000001d50b71d800 JavaThread "Thread-0" [_thread_blocked, id=19336, stack(0x0000005cb4700000,0x0000005cb4800000)]
  0x000001d50abf8800 JavaThread "Service Thread" daemon [_thread_blocked, id=20692, stack(0x0000005cb4500000,0x0000005cb4600000)]
  0x000001d57fe15000 JavaThread "C1 CompilerThread3" daemon [_thread_blocked, id=27488, stack(0x0000005cb4400000,0x0000005cb4500000)]
=>0x000001d57fe12000 JavaThread "C2 CompilerThread2" daemon [_thread_in_native, id=25076, stack(0x0000005cb4300000,0x0000005cb4400000)]
  0x000001d57fe02800 JavaThread "C2 CompilerThread1" daemon [_thread_in_native, id=30040, stack(0x0000005cb4200000,0x0000005cb4300000)]
  0x000001d57fdfe800 JavaThread "C2 CompilerThread0" daemon [_thread_in_native, id=3952, stack(0x0000005cb4100000,0x0000005cb4200000)]
  0x000001d57fdfa000 JavaThread "Attach Listener" daemon [_thread_blocked, id=5456, stack(0x0000005cb4000000,0x0000005cb4100000)]
  0x000001d57fdf9000 JavaThread "Signal Dispatcher" daemon [_thread_blocked, id=17332, stack(0x0000005cb3f00000,0x0000005cb4000000)]
  0x000001d57fdd2000 JavaThread "Finalizer" daemon [_thread_blocked, id=9528, stack(0x0000005cb3e00000,0x0000005cb3f00000)]
  0x000001d57fdab000 JavaThread "Reference Handler" daemon [_thread_blocked, id=8588, stack(0x0000005cb3d00000,0x0000005cb3e00000)]
  0x000001d56e1ad000 JavaThread "main" [_thread_blocked, id=6456, stack(0x0000005cb3300000,0x0000005cb3400000)]

Other Threads:
  0x000001d57fda2000 VMThread [stack: 0x0000005cb3c00000,0x0000005cb3d00000] [id=3796]
  0x000001d57fe6d800 WatcherThread [stack: 0x0000005cb4600000,0x0000005cb4700000] [id=2692]

VM state:not at safepoint (normal execution)

VM Mutex/Monitor currently owned by a thread:  ([mutex/lock_event])
[0x000001d56e1a9ba0] PackageTable_lock - owner thread: 0x000001d50b71f000

heap address: 0x00000006c1e00000, size: 4066 MB, Compressed Oops mode: Zero based, Oop shift amount: 3
Narrow klass base: 0x0000000000000000, Narrow klass shift: 3
Compressed class space size: 1073741824 Address: 0x00000007c0000000

Heap:
 PSYoungGen      total 246784K, used 105949K [0x000000076b500000, 0x000000077c600000, 0x00000007c0000000)
  eden space 228864K, 46% used [0x000000076b500000,0x0000000771c77530,0x0000000779480000)
  from space 17920K, 0% used [0x000000077a780000,0x000000077a780000,0x000000077b900000)
  to   space 19456K, 0% used [0x0000000779480000,0x0000000779480000,0x000000077a780000)
 ParOldGen       total 232960K, used 29026K [0x00000006c1e00000, 0x00000006d0180000, 0x000000076b500000)
  object space 232960K, 12% used [0x00000006c1e00000,0x00000006c3a58ad0,0x00000006d0180000)
 Metaspace       used 57666K, capacity 61290K, committed 61592K, reserved 1101824K
  class space    used 7936K, capacity 8526K, committed 8616K, reserved 1048576K

Card table byte_map: [0x000001d57ef20000,0x000001d57f720000] byte_map_base: 0x000001d57b911000

Marking Bits: (ParMarkBitMap*) 0x00000000614c4fb0
 Begin Bits: [0x000001d500000000, 0x000001d503f88000)
 End Bits:   [0x000001d503f88000, 0x000001d507f10000)

Polling page: 0x000001d56e120000

CodeCache: size=245760Kb used=18725Kb max_used=19121Kb free=227034Kb
 bounds [0x000001d56fb60000, 0x000001d570e50000, 0x000001d57eb60000]
 total_blobs=5501 nmethods=4950 adapters=462
 compilation: enabled

Compilation events (10 events):
Event: 30.195 Thread 0x000001d57fe15000 nmethod 5792 0x000001d5703c5590 code [0x000001d5703c5720, 0x000001d5703c5a20]
Event: 30.197 Thread 0x000001d57fe15000 5793       3       org.springframework.boot.ansi.AnsiOutput::buildDisabled (47 bytes)
Event: 30.198 Thread 0x000001d57fe15000 nmethod 5793 0x000001d56ffb2510 code [0x000001d56ffb26c0, 0x000001d56ffb2de0]
Event: 30.210 Thread 0x000001d57fe15000 5794       3       java.util.concurrent.locks.ReentrantReadWriteLock$Sync::exclusiveCount (5 bytes)
Event: 30.211 Thread 0x000001d57fe15000 nmethod 5794 0x000001d56fca4190 code [0x000001d56fca42e0, 0x000001d56fca4418]
Event: 30.216 Thread 0x000001d57fe15000 5795       3       java.util.EventObject::<init> (24 bytes)
Event: 30.217 Thread 0x000001d57fe15000 nmethod 5795 0x000001d5709819d0 code [0x000001d570981b40, 0x000001d570981e10]
Event: 30.223 Thread 0x000001d57fe15000 5796       1       org.apache.catalina.util.LifecycleBase::getState (5 bytes)
Event: 30.223 Thread 0x000001d57fe15000 nmethod 5796 0x000001d570174a50 code [0x000001d570174ba0, 0x000001d570174cb8]
Event: 30.224 Thread 0x000001d57fe15000 5797       3       org.apache.catalina.util.LifecycleBase::fireLifecycleEvent (56 bytes)

GC Heap History (10 events):
Event: 14.772 GC heap before
{Heap before GC invocations=9 (full 1):
 PSYoungGen      total 119808K, used 52940K [0x000000076b500000, 0x0000000777580000, 0x00000007c0000000)
  eden space 109056K, 39% used [0x000000076b500000,0x000000076df78018,0x0000000771f80000)
  from space 10752K, 87% used [0x0000000771f80000,0x00000007728bb300,0x0000000772a00000)
  to   space 11264K, 0% used [0x0000000776a80000,0x0000000776a80000,0x0000000777580000)
 ParOldGen       total 110080K, used 7417K [0x00000006c1e00000, 0x00000006c8980000, 0x000000076b500000)
  object space 110080K, 6% used [0x00000006c1e00000,0x00000006c253e6d8,0x00000006c8980000)
 Metaspace       used 33094K, capacity 35338K, committed 35496K, reserved 1079296K
  class space    used 4257K, capacity 4659K, committed 4776K, reserved 1048576K
Event: 14.815 GC heap after
Heap after GC invocations=9 (full 1):
 PSYoungGen      total 185344K, used 10288K [0x000000076b500000, 0x0000000777b00000, 0x00000007c0000000)
  eden space 174080K, 0% used [0x000000076b500000,0x000000076b500000,0x0000000775f00000)
  from space 11264K, 91% used [0x0000000776a80000,0x000000077748c2f0,0x0000000777580000)
  to   space 11776K, 0% used [0x0000000775f00000,0x0000000775f00000,0x0000000776a80000)
 ParOldGen       total 110080K, used 7425K [0x00000006c1e00000, 0x00000006c8980000, 0x000000076b500000)
  object space 110080K, 6% used [0x00000006c1e00000,0x00000006c25406d8,0x00000006c8980000)
 Metaspace       used 33094K, capacity 35338K, committed 35496K, reserved 1079296K
  class space    used 4257K, capacity 4659K, committed 4776K, reserved 1048576K
}
Event: 14.815 GC heap before
{Heap before GC invocations=10 (full 2):
 PSYoungGen      total 185344K, used 10288K [0x000000076b500000, 0x0000000777b00000, 0x00000007c0000000)
  eden space 174080K, 0% used [0x000000076b500000,0x000000076b500000,0x0000000775f00000)
  from space 11264K, 91% used [0x0000000776a80000,0x000000077748c2f0,0x0000000777580000)
  to   space 11776K, 0% used [0x0000000775f00000,0x0000000775f00000,0x0000000776a80000)
 ParOldGen       total 110080K, used 7425K [0x00000006c1e00000, 0x00000006c8980000, 0x000000076b500000)
  object space 110080K, 6% used [0x00000006c1e00000,0x00000006c25406d8,0x00000006c8980000)
 Metaspace       used 33094K, capacity 35338K, committed 35496K, reserved 1079296K
  class space    used 4257K, capacity 4659K, committed 4776K, reserved 1048576K
Event: 15.012 GC heap after
Heap after GC invocations=10 (full 2):
 PSYoungGen      total 185344K, used 0K [0x000000076b500000, 0x0000000777b00000, 0x00000007c0000000)
  eden space 174080K, 0% used [0x000000076b500000,0x000000076b500000,0x0000000775f00000)
  from space 11264K, 0% used [0x0000000776a80000,0x0000000776a80000,0x0000000777580000)
  to   space 11776K, 0% used [0x0000000775f00000,0x0000000775f00000,0x0000000776a80000)
 ParOldGen       total 160256K, used 15263K [0x00000006c1e00000, 0x00000006cba80000, 0x000000076b500000)
  object space 160256K, 9% used [0x00000006c1e00000,0x00000006c2ce7f40,0x00000006cba80000)
 Metaspace       used 33094K, capacity 35338K, committed 35496K, reserved 1079296K
  class space    used 4257K, capacity 4659K, committed 4776K, reserved 1048576K
}
Event: 23.128 GC heap before
{Heap before GC invocations=11 (full 2):
 PSYoungGen      total 185344K, used 174080K [0x000000076b500000, 0x0000000777b00000, 0x00000007c0000000)
  eden space 174080K, 100% used [0x000000076b500000,0x0000000775f00000,0x0000000775f00000)
  from space 11264K, 0% used [0x0000000776a80000,0x0000000776a80000,0x0000000777580000)
  to   space 11776K, 0% used [0x0000000775f00000,0x0000000775f00000,0x0000000776a80000)
 ParOldGen       total 160256K, used 15263K [0x00000006c1e00000, 0x00000006cba80000, 0x000000076b500000)
  object space 160256K, 9% used [0x00000006c1e00000,0x00000006c2ce7f40,0x00000006cba80000)
 Metaspace       used 52454K, capacity 55108K, committed 55464K, reserved 1097728K
  class space    used 7137K, capacity 7588K, committed 7592K, reserved 1048576K
Event: 23.180 GC heap after
Heap after GC invocations=11 (full 2):
 PSYoungGen      total 185856K, used 11752K [0x000000076b500000, 0x000000077b900000, 0x00000007c0000000)
  eden space 174080K, 0% used [0x000000076b500000,0x000000076b500000,0x0000000775f00000)
  from space 11776K, 99% used [0x0000000775f00000,0x0000000776a7a340,0x0000000776a80000)
  to   space 17920K, 0% used [0x000000077a780000,0x000000077a780000,0x000000077b900000)
 ParOldGen       total 160256K, used 27743K [0x00000006c1e00000, 0x00000006cba80000, 0x000000076b500000)
  object space 160256K, 17% used [0x00000006c1e00000,0x00000006c3917db0,0x00000006cba80000)
 Metaspace       used 52454K, capacity 55108K, committed 55464K, reserved 1097728K
  class space    used 7137K, capacity 7588K, committed 7592K, reserved 1048576K
}
Event: 25.527 GC heap before
{Heap before GC invocations=12 (full 2):
 PSYoungGen      total 185856K, used 78330K [0x000000076b500000, 0x000000077b900000, 0x00000007c0000000)
  eden space 174080K, 38% used [0x000000076b500000,0x000000076f6044c8,0x0000000775f00000)
  from space 11776K, 99% used [0x0000000775f00000,0x0000000776a7a340,0x0000000776a80000)
  to   space 17920K, 0% used [0x000000077a780000,0x000000077a780000,0x000000077b900000)
 ParOldGen       total 160256K, used 27743K [0x00000006c1e00000, 0x00000006cba80000, 0x000000076b500000)
  object space 160256K, 17% used [0x00000006c1e00000,0x00000006c3917db0,0x00000006cba80000)
 Metaspace       used 55786K, capacity 59070K, committed 59160K, reserved 1099776K
  class space    used 7631K, capacity 8143K, committed 8232K, reserved 1048576K
Event: 25.668 GC heap after
Heap after GC invocations=12 (full 2):
 PSYoungGen      total 246784K, used 15990K [0x000000076b500000, 0x000000077c600000, 0x00000007c0000000)
  eden space 228864K, 0% used [0x000000076b500000,0x000000076b500000,0x0000000779480000)
  from space 17920K, 89% used [0x000000077a780000,0x000000077b71da68,0x000000077b900000)
  to   space 19456K, 0% used [0x0000000779480000,0x0000000779480000,0x000000077a780000)
 ParOldGen       total 160256K, used 27751K [0x00000006c1e00000, 0x00000006cba80000, 0x000000076b500000)
  object space 160256K, 17% used [0x00000006c1e00000,0x00000006c3919db0,0x00000006cba80000)
 Metaspace       used 55786K, capacity 59070K, committed 59160K, reserved 1099776K
  class space    used 7631K, capacity 8143K, committed 8232K, reserved 1048576K
}
Event: 25.668 GC heap before
{Heap before GC invocations=13 (full 3):
 PSYoungGen      total 246784K, used 15990K [0x000000076b500000, 0x000000077c600000, 0x00000007c0000000)
  eden space 228864K, 0% used [0x000000076b500000,0x000000076b500000,0x0000000779480000)
  from space 17920K, 89% used [0x000000077a780000,0x000000077b71da68,0x000000077b900000)
  to   space 19456K, 0% used [0x0000000779480000,0x0000000779480000,0x000000077a780000)
 ParOldGen       total 160256K, used 27751K [0x00000006c1e00000, 0x00000006cba80000, 0x000000076b500000)
  object space 160256K, 17% used [0x00000006c1e00000,0x00000006c3919db0,0x00000006cba80000)
 Metaspace       used 55786K, capacity 59070K, committed 59160K, reserved 1099776K
  class space    used 7631K, capacity 8143K, committed 8232K, reserved 1048576K
Event: 26.880 GC heap after
Heap after GC invocations=13 (full 3):
 PSYoungGen      total 246784K, used 0K [0x000000076b500000, 0x000000077c600000, 0x00000007c0000000)
  eden space 228864K, 0% used [0x000000076b500000,0x000000076b500000,0x0000000779480000)
  from space 17920K, 0% used [0x000000077a780000,0x000000077a780000,0x000000077b900000)
  to   space 19456K, 0% used [0x0000000779480000,0x0000000779480000,0x000000077a780000)
 ParOldGen       total 232960K, used 29026K [0x00000006c1e00000, 0x00000006d0180000, 0x000000076b500000)
  object space 232960K, 12% used [0x00000006c1e00000,0x00000006c3a58ad0,0x00000006d0180000)
 Metaspace       used 55775K, capacity 59052K, committed 59160K, reserved 1099776K
  class space    used 7629K, capacity 8140K, committed 8232K, reserved 1048576K
}

Deoptimization events (10 events):
Event: 28.063 Thread 0x000001d50b71f000 Uncommon trap: reason=unstable_if action=reinterpret pc=0x000001d570876f18 method=org.springframework.beans.factory.support.AbstractBeanFactory.isTypeMatch(Ljava/lang/String;Lorg/springframework/core/ResolvableType;Z)Z @ 34
Event: 28.641 Thread 0x000001d50b71f000 Uncommon trap: reason=class_check action=maybe_recompile pc=0x000001d56ff3b098 method=org.springframework.boot.context.properties.source.ConfigurationPropertyName$Elements.charAt(II)C @ 43
Event: 28.641 Thread 0x000001d50b71f000 Uncommon trap: reason=class_check action=maybe_recompile pc=0x000001d56ff3b098 method=org.springframework.boot.context.properties.source.ConfigurationPropertyName$Elements.charAt(II)C @ 43
Event: 28.911 Thread 0x000001d50b71f000 Uncommon trap: reason=unstable_if action=reinterpret pc=0x000001d57079c7c0 method=org.springframework.core.annotation.TypeMappedAnnotations$MergedAnnotationFinder.process(Ljava/lang/Object;ILjava/lang/Object;Ljava/lang/annotation/Annotation;)Lorg/springfr
Event: 29.772 Thread 0x000001d50b71f000 Uncommon trap: reason=unstable_if action=reinterpret pc=0x000001d56fd30ab8 method=org.springframework.core.annotation.AnnotationsScanner.processClassInheritedAnnotations(Ljava/lang/Object;Ljava/lang/Class;Lorg/springframework/core/annotation/MergedAnnotat
Event: 29.833 Thread 0x000001d50b71f000 Uncommon trap: reason=bimorphic action=maybe_recompile pc=0x000001d57091eca0 method=org.springframework.beans.factory.support.AbstractBeanFactory.isSingleton(Ljava/lang/String;)Z @ 35
Event: 29.868 Thread 0x000001d50b71f000 Uncommon trap: reason=bimorphic action=maybe_recompile pc=0x000001d56febed94 method=java.lang.Throwable.<init>(Ljava/lang/String;Ljava/lang/Throwable;)V @ 24
Event: 29.869 Thread 0x000001d50b71f000 Uncommon trap: reason=bimorphic action=maybe_recompile pc=0x000001d56febed94 method=java.lang.Throwable.<init>(Ljava/lang/String;Ljava/lang/Throwable;)V @ 24
Event: 29.874 Thread 0x000001d50b71f000 Uncommon trap: reason=bimorphic action=maybe_recompile pc=0x000001d56febed94 method=java.lang.Throwable.<init>(Ljava/lang/String;Ljava/lang/Throwable;)V @ 24
Event: 30.186 Thread 0x000001d50b71f000 Uncommon trap: reason=unstable_if action=reinterpret pc=0x000001d56fe3ba58 method=org.springframework.util.ConcurrentReferenceHashMap$Segment.clear()V @ 7

Classes redefined (0 events):
No events

Internal exceptions (10 events):
Event: 29.753 Thread 0x000001d50b71f000 Exception <a 'java/lang/ClassNotFoundException': org/springframework/boot/devtools/autoconfigure/LocalDevToolsAutoConfiguration$LiveReloadServerEventListenerCustomizer> (0x0000000770f16ec0) thrown at [C:\jenkins\workspace\8-2-build-windows-amd64-cygwin\jd
Event: 29.755 Thread 0x000001d50b71f000 Exception <a 'java/lang/ClassNotFoundException': org/springframework/context/event/GenericApplicationListenerCustomizer> (0x0000000770f3e968) thrown at [C:\jenkins\workspace\8-2-build-windows-amd64-cygwin\jdk8u261\295\hotspot\src\share\vm\classfile\system
Event: 29.756 Thread 0x000001d50b71f000 Exception <a 'java/lang/ClassNotFoundException': org/springframework/context/ApplicationListenerCustomizer> (0x0000000770f5d380) thrown at [C:\jenkins\workspace\8-2-build-windows-amd64-cygwin\jdk8u261\295\hotspot\src\share\vm\classfile\systemDictionary.cp
Event: 29.757 Thread 0x000001d50b71f000 Exception <a 'java/lang/ClassNotFoundException': java/util/EventListenerCustomizer> (0x0000000770f6a448) thrown at [C:\jenkins\workspace\8-2-build-windows-amd64-cygwin\jdk8u261\295\hotspot\src\share\vm\classfile\systemDictionary.cpp, line 210]
Event: 29.758 Thread 0x000001d50b71f000 Exception <a 'java/lang/ClassNotFoundException': org/springframework/core/OrderedCustomizer> (0x0000000770f81250) thrown at [C:\jenkins\workspace\8-2-build-windows-amd64-cygwin\jdk8u261\295\hotspot\src\share\vm\classfile\systemDictionary.cpp, line 210]
Event: 29.762 Thread 0x000001d50b71f000 Exception <a 'java/lang/ClassNotFoundException': java/lang/ObjectCustomizer> (0x0000000770f95330) thrown at [C:\jenkins\workspace\8-2-build-windows-amd64-cygwin\jdk8u261\295\hotspot\src\share\vm\classfile\systemDictionary.cpp, line 210]
Event: 29.765 Thread 0x000001d50b71f000 Exception <a 'java/lang/ClassNotFoundException': org/springframework/boot/devtools/autoconfigure/LocalDevToolsAutoConfigurationCustomizer> (0x0000000770fbef78) thrown at [C:\jenkins\workspace\8-2-build-windows-amd64-cygwin\jdk8u261\295\hotspot\src\share\v
Event: 29.854 Thread 0x000001d50b71f000 Exception <a 'java/net/BindException': Address already in use: bind> (0x00000007710f92b8) thrown at [C:\jenkins\workspace\8-2-build-windows-amd64-cygwin\jdk8u261\295\hotspot\src\share\vm\prims\jni.cpp, line 737]
Event: 29.876 Thread 0x000001d50d71f000 Exception <a 'java/lang/InterruptedException': sleep interrupted> (0x0000000771386370) thrown at [C:\jenkins\workspace\8-2-build-windows-amd64-cygwin\jdk8u261\295\hotspot\src\share\vm\prims\jvm.cpp, line 3346]
Event: 30.221 Thread 0x000001d57fe14000 Exception <a 'java/lang/InterruptedException': sleep interrupted> (0x00000007718bdb98) thrown at [C:\jenkins\workspace\8-2-build-windows-amd64-cygwin\jdk8u261\295\hotspot\src\share\vm\prims\jvm.cpp, line 3346]

Events (10 events):
Event: 30.212 Thread 0x000001d57fe15000 flushing nmethod 0x000001d570988250
Event: 30.212 Thread 0x000001d57fe15000 flushing nmethod 0x000001d570988750
Event: 30.212 Thread 0x000001d57fe15000 flushing nmethod 0x000001d570988c50
Event: 30.212 Thread 0x000001d57fe15000 flushing nmethod 0x000001d5709917d0
Event: 30.212 Thread 0x000001d57fe15000 flushing nmethod 0x000001d570992290
Event: 30.212 Thread 0x000001d57fe15000 flushing nmethod 0x000001d570995a10
Event: 30.212 Thread 0x000001d57fe15000 flushing nmethod 0x000001d570996190
Event: 30.216 loading class java/util/WeakHashMap$KeyIterator
Event: 30.216 loading class java/util/WeakHashMap$KeyIterator done
Event: 30.221 Thread 0x000001d57fe14000 Thread exited: 0x000001d57fe14000


Dynamic libraries:
0x00007ff7610d0000 - 0x00007ff761117000 	C:\Program Files\Java\jre1.8.0_261\bin\javaw.exe
0x00007ff8a88e0000 - 0x00007ff8a8ad0000 	C:\WINDOWS\SYSTEM32\ntdll.dll
0x00007ff8a7ca0000 - 0x00007ff8a7d52000 	C:\WINDOWS\System32\KERNEL32.DLL
0x00007ff8a6070000 - 0x00007ff8a6315000 	C:\WINDOWS\System32\KERNELBASE.dll
0x00007ff8a7ac0000 - 0x00007ff8a7b63000 	C:\WINDOWS\System32\ADVAPI32.dll
0x00007ff8a80a0000 - 0x00007ff8a813e000 	C:\WINDOWS\System32\msvcrt.dll
0x00007ff8a7b70000 - 0x00007ff8a7c07000 	C:\WINDOWS\System32\sechost.dll
0x00007ff8a7f80000 - 0x00007ff8a80a0000 	C:\WINDOWS\System32\RPCRT4.dll
0x00007ff8a7de0000 - 0x00007ff8a7f74000 	C:\WINDOWS\System32\USER32.dll
0x00007ff8a58b0000 - 0x00007ff8a58d1000 	C:\WINDOWS\System32\win32u.dll
0x00007ff8a70b0000 - 0x00007ff8a70d6000 	C:\WINDOWS\System32\GDI32.dll
0x00007ff8a6320000 - 0x00007ff8a64b6000 	C:\WINDOWS\System32\gdi32full.dll
0x00007ff8a66c0000 - 0x00007ff8a675e000 	C:\WINDOWS\System32\msvcp_win.dll
0x00007ff8a6890000 - 0x00007ff8a698a000 	C:\WINDOWS\System32\ucrtbase.dll
0x00007ff88b9b0000 - 0x00007ff88bc34000 	C:\WINDOWS\WinSxS\amd64_microsoft.windows.common-controls_6595b64144ccf1df_6.0.18362.1198_none_9e820b57e45ad92f\COMCTL32.dll
0x00007ff8a7110000 - 0x00007ff8a7445000 	C:\WINDOWS\System32\combase.dll
0x00007ff8a6760000 - 0x00007ff8a67e0000 	C:\WINDOWS\System32\bcryptPrimitives.dll
0x00007ff8a70e0000 - 0x00007ff8a710e000 	C:\WINDOWS\System32\IMM32.DLL
0x00007ff89cb60000 - 0x00007ff89cb75000 	C:\Program Files\Java\jre1.8.0_261\bin\vcruntime140.dll
0x00007ff879770000 - 0x00007ff87980b000 	C:\Program Files\Java\jre1.8.0_261\bin\msvcp140.dll
0x0000000060cd0000 - 0x000000006153c000 	C:\Program Files\Java\jre1.8.0_261\bin\server\jvm.dll
0x00007ff8a7c90000 - 0x00007ff8a7c98000 	C:\WINDOWS\System32\PSAPI.DLL
0x00007ff886e80000 - 0x00007ff886e89000 	C:\WINDOWS\SYSTEM32\WSOCK32.dll
0x00007ff89f0b0000 - 0x00007ff89f0ba000 	C:\WINDOWS\SYSTEM32\VERSION.dll
0x00007ff8a2010000 - 0x00007ff8a2034000 	C:\WINDOWS\SYSTEM32\WINMM.dll
0x00007ff8a77c0000 - 0x00007ff8a782f000 	C:\WINDOWS\System32\WS2_32.dll
0x00007ff8a1fe0000 - 0x00007ff8a200d000 	C:\WINDOWS\SYSTEM32\winmmbase.dll
0x00007ff8a5860000 - 0x00007ff8a58aa000 	C:\WINDOWS\System32\cfgmgr32.dll
0x00007ff8a57f0000 - 0x00007ff8a5801000 	C:\WINDOWS\System32\kernel.appcore.dll
0x00007ff89fc50000 - 0x00007ff89fc60000 	C:\Program Files\Java\jre1.8.0_261\bin\verify.dll
0x00007ff88e0a0000 - 0x00007ff88e0cb000 	C:\Program Files\Java\jre1.8.0_261\bin\java.dll
0x00007ff89cae0000 - 0x00007ff89caf8000 	C:\Program Files\Java\jre1.8.0_261\bin\zip.dll
0x00007ff8a69c0000 - 0x00007ff8a70a7000 	C:\WINDOWS\System32\SHELL32.dll
0x00007ff8a8730000 - 0x00007ff8a87d9000 	C:\WINDOWS\System32\shcore.dll
0x00007ff8a58e0000 - 0x00007ff8a6061000 	C:\WINDOWS\System32\windows.storage.dll
0x00007ff8a5810000 - 0x00007ff8a5833000 	C:\WINDOWS\System32\profapi.dll
0x00007ff8a57a0000 - 0x00007ff8a57ea000 	C:\WINDOWS\System32\powrprof.dll
0x00007ff8a5790000 - 0x00007ff8a57a0000 	C:\WINDOWS\System32\UMPDC.dll
0x00007ff8a8840000 - 0x00007ff8a8892000 	C:\WINDOWS\System32\shlwapi.dll
0x00007ff8a66a0000 - 0x00007ff8a66b7000 	C:\WINDOWS\System32\cryptsp.dll
0x00007ff89cb50000 - 0x00007ff89cb5d000 	C:\Program Files\Java\jre1.8.0_261\bin\management.dll
0x00007ff8a1770000 - 0x00007ff8a178c000 	C:\Program Files\Java\jre1.8.0_261\bin\net.dll
0x00007ff8a4fe0000 - 0x00007ff8a5047000 	C:\WINDOWS\system32\mswsock.dll
0x00007ff886d80000 - 0x00007ff886d96000 	C:\WINDOWS\system32\napinsp.dll
0x00007ff886d60000 - 0x00007ff886d7a000 	C:\WINDOWS\system32\pnrpnsp.dll
0x00007ff8a4d30000 - 0x00007ff8a4dfb000 	C:\WINDOWS\SYSTEM32\DNSAPI.dll
0x00007ff8a69b0000 - 0x00007ff8a69b8000 	C:\WINDOWS\System32\NSI.dll
0x00007ff8a4cf0000 - 0x00007ff8a4d2a000 	C:\WINDOWS\SYSTEM32\IPHLPAPI.DLL
0x00007ff886d50000 - 0x00007ff886d5e000 	C:\WINDOWS\System32\winrnr.dll
0x00007ff8a1630000 - 0x00007ff8a164c000 	C:\WINDOWS\system32\NLAapi.dll
0x00007ff89ff60000 - 0x00007ff89ff75000 	C:\WINDOWS\system32\wshbth.dll
0x00007ff89ec40000 - 0x00007ff89ec4a000 	C:\Windows\System32\rasadhlp.dll
0x00007ff8a0210000 - 0x00007ff8a0287000 	C:\WINDOWS\System32\fwpuclnt.dll
0x00007ff8a6670000 - 0x00007ff8a6696000 	C:\WINDOWS\System32\bcrypt.dll
0x00007ff8a16d0000 - 0x00007ff8a16e3000 	C:\Program Files\Java\jre1.8.0_261\bin\nio.dll
0x00007ff8a4b50000 - 0x00007ff8a4b83000 	C:\WINDOWS\system32\rsaenh.dll
0x00007ff8a5670000 - 0x00007ff8a5695000 	C:\WINDOWS\SYSTEM32\USERENV.dll
0x00007ff8a51b0000 - 0x00007ff8a51bc000 	C:\WINDOWS\SYSTEM32\CRYPTBASE.dll
0x00007ff8a4080000 - 0x00007ff8a4096000 	C:\WINDOWS\SYSTEM32\dhcpcsvc6.DLL
0x00007ff8a4060000 - 0x00007ff8a407c000 	C:\WINDOWS\SYSTEM32\dhcpcsvc.DLL
0x00007ff8798c0000 - 0x00007ff8798e4000 	C:\Program Files\Java\jre1.8.0_261\bin\sunec.dll
0x00007ff89cb30000 - 0x00007ff89cb3d000 	C:\Program Files\Java\jre1.8.0_261\bin\sunmscapi.dll
0x00007ff8a64c0000 - 0x00007ff8a6609000 	C:\WINDOWS\System32\CRYPT32.dll
0x00007ff8a5840000 - 0x00007ff8a5852000 	C:\WINDOWS\System32\MSASN1.dll
0x00007ff8a52b0000 - 0x00007ff8a52d6000 	C:\WINDOWS\SYSTEM32\ncrypt.dll
0x00007ff8a5270000 - 0x00007ff8a52ab000 	C:\WINDOWS\SYSTEM32\NTASN1.dll
0x00007ff8a4150000 - 0x00007ff8a4344000 	C:\WINDOWS\SYSTEM32\dbghelp.dll

VM Arguments:
jvm_args: -Dfile.encoding=UTF-8 
java_command: com.quinnox.bookMyDoctor.BookMyDoctorApplication
java_class_path (initial): D:\bookMyDoctor\backend\bookMyDoctor\bookMyDoctor\target\test-classes;D:\bookMyDoctor\backend\bookMyDoctor\bookMyDoctor\target\classes;C:\Users\Raj98\.m2\repository\org\springframework\boot\spring-boot-starter-data-jpa\2.4.0\spring-boot-starter-data-jpa-2.4.0.jar;C:\Users\Raj98\.m2\repository\org\springframework\boot\spring-boot-starter-aop\2.4.0\spring-boot-starter-aop-2.4.0.jar;C:\Users\Raj98\.m2\repository\org\springframework\spring-aop\5.3.1\spring-aop-5.3.1.jar;C:\Users\Raj98\.m2\repository\org\aspectj\aspectjweaver\1.9.6\aspectjweaver-1.9.6.jar;C:\Users\Raj98\.m2\repository\org\springframework\boot\spring-boot-starter-jdbc\2.4.0\spring-boot-starter-jdbc-2.4.0.jar;C:\Users\Raj98\.m2\repository\com\zaxxer\HikariCP\3.4.5\HikariCP-3.4.5.jar;C:\Users\Raj98\.m2\repository\org\springframework\spring-jdbc\5.3.1\spring-jdbc-5.3.1.jar;C:\Users\Raj98\.m2\repository\jakarta\transaction\jakarta.transaction-api\1.3.3\jakarta.transaction-api-1.3.3.jar;C:\Users\Raj98\.m2\repository\jakarta\persistence\jakarta.persistence-api\2.2.3\jakarta.persistence-api-2.2.3.jar;C:\Users\Raj98\.m2\repository\org\hibernate\hibernate-core\5.4.23.Final\hibernate-core-5.4.23.Final.jar;C:\Users\Raj98\.m2\repository\org\jboss\logging\jboss-logging\3.4.1.Final\jboss-logging-3.4.1.Final.jar;C:\Users\Raj98\.m2\repository\org\javassist\javassist\3.24.0-GA\javassist-3.24.0-GA.jar;C:\Users\Raj98\.m2\repository\net\bytebuddy\byte-buddy\1.10.18\byte-buddy-1.10.18.jar;C:\Users\Raj98\.m2\repository\antlr\antlr\2.7.7\antlr-2.7.7.jar;C:\Users\Raj98\.m2\repository\org\jboss\jandex\2.1.3.Final\jandex-2.1.3.Final.jar;C:\Users\Raj98\.m2\repository\com\fasterxml\classmate\1.5.1\classmate-1.5.1.jar;C:\Users\Raj98\.m2\repository\org\dom4j\dom4j\2.1.3\dom4j-2.1.3.jar;C:\Users\Raj98\.m2\repository\org\hibernate\common\hibernate-commons-annotations\5.1.2.Final\hibernate-commons-annotations-5.1.2.Final.jar;C:\Users\Raj98\.m2\repository\org\glassfish\jaxb\jaxb-runtime\2.3.3\jaxb-runtime-2.3.
Launcher Type: SUN_STANDARD

Environment Variables:
JAVA_HOME=C:\Program Files\Java\jdk-11.0.2
PATH=C:/Program Files/Java/jre1.8.0_261/bin/server;C:/Program Files/Java/jre1.8.0_261/bin;C:/Program Files/Java/jre1.8.0_261/lib/amd64;C:\Program Files (x86)\Common Files\Oracle\Java\javapath;C:\Program Files\nodejs;C:\Windows\system32;C:\Windows;C:\Windows\System32\Wbem;C:\Program Files\Java\jdk-11.0.2\bin;C:\Program Files\Git\cmd;C:\Program Files\Microsoft SQL Server\Client SDK\ODBC\170\Tools\Binn\;C:\Program Files (x86)\Microsoft SQL Server\150\Tools\Binn\;C:\Program Files\Microsoft SQL Server\150\Tools\Binn\;C:\Program Files\Microsoft SQL Server\150\DTS\Binn\;C:\Program Files (x86)\Microsoft SQL Server\150\DTS\Binn\;C:\Program Files\Java\jre1.8.0_261\bin;D:\sonar-scanner-cli-4.4.0.2170-windows\sonar-scanner-4.4.0.2170-windows\bin;C:\Program Files\TortoiseGit\bin;C:\Program Files\MongoDB\Server\4.2\bin;D:\Program Files\MongoDB\Tools\100\bin;C:\Users\Raj98\AppData\Roaming\npm;C:\Program Files\MySQL\MySQL Shell 8.0\bin\;C:\Program Files\MongoDB\Server\4.2\bin\;C:\Users\Raj98\AppData\Local\Programs\Microsoft VS Code\bin;D:\Program Files\JetBrains\IntelliJ IDEA 2020.2\bin;D:\Program Files\JetBrains\IntelliJ IDEA Community Edition 2020.2\bin;D:\Users\Raj98\AppData\Local\Programs\Fiddler;D:\downloads1\eclipse-jee-2020-06-R-win32-x86_64\eclipse;
USERNAME=Raj98
OS=Windows_NT
PROCESSOR_IDENTIFIER=Intel64 Family 6 Model 158 Stepping 9, GenuineIntel



---------------  S Y S T E M  ---------------

OS: Windows 10.0 , 64 bit Build 18362 (10.0.18362.1110)

CPU:total 8 (initial active 8) (4 cores per cpu, 2 threads per core) family 6 model 158 stepping 9, cmov, cx8, fxsr, mmx, sse, sse2, sse3, ssse3, sse4.1, sse4.2, popcnt, avx, avx2, aes, clmul, erms, 3dnowpref, lzcnt, ht, tsc, tscinvbit, bmi1, bmi2, adx

Memory: 4k page, physical 16653212k(3107788k free), swap 32120856k(30080k free)

vm_info: Java HotSpot(TM) 64-Bit Server VM (25.261-b12) for windows-amd64 JRE (1.8.0_261-b12), built on Jun 18 2020 06:56:32 by "" with unknown MS VC++:1916

time: Fri Nov 27 00:02:47 2020
timezone: India Standard Time
elapsed time: 30 seconds (0d 0h 0m 30s)

